# JRE version: OpenJDK Runtime Environment Temurin-11.0.16.1+1 (11.0.16.1+1) (build 11.0.16.1+1)
# Java VM: OpenJDK 64-Bit Server VM Temurin-11.0.16.1+1 (11.0.16.1+1, mixed mode, tiered, compressed oops, g1 gc, windows-amd64)
Heap:
 garbage-first heap   total 315392K, used 73418K [0x0000000700c00000, 0x0000000800000000)
  region size 1024K, 56 young (57344K), 6 survivors (6144K)
 Metaspace       used 27134K, capacity 27477K, committed 27776K, reserved 1073152K
  class space    used 2992K, capacity 3109K, committed 3200K, reserved 1048576K
GC Heap History (12 events):
Event: 0.418 GC heap before
{Heap before GC invocations=0 (full 0):
 garbage-first heap   total 262144K, used 24576K [0x0000000700c00000, 0x0000000800000000)
  region size 1024K, 24 young (24576K), 0 survivors (0K)
 Metaspace       used 9862K, capacity 9980K, committed 10240K, reserved 1058816K
  class space    used 896K, capacity 960K, committed 1024K, reserved 1048576K
}
Event: 0.423 GC heap after
{Heap after GC invocations=1 (full 0):
 garbage-first heap   total 262144K, used 7079K [0x0000000700c00000, 0x0000000800000000)
  region size 1024K, 3 young (3072K), 3 survivors (3072K)
 Metaspace       used 9862K, capacity 9980K, committed 10240K, reserved 1058816K
  class space    used 896K, capacity 960K, committed 1024K, reserved 1048576K
}
Event: 0.649 GC heap before
{Heap before GC invocations=1 (full 0):
 garbage-first heap   total 262144K, used 28583K [0x0000000700c00000, 0x0000000800000000)
  region size 1024K, 24 young (24576K), 3 survivors (3072K)
 Metaspace       used 12390K, capacity 12513K, committed 12800K, reserved 1060864K
  class space    used 1172K, capacity 1227K, committed 1280K, reserved 1048576K
}
Event: 0.653 GC heap after
{Heap after GC invocations=2 (full 0):
 garbage-first heap   total 262144K, used 10297K [0x0000000700c00000, 0x0000000800000000)
  region size 1024K, 3 young (3072K), 3 survivors (3072K)
 Metaspace       used 12390K, capacity 12513K, committed 12800K, reserved 1060864K
  class space    used 1172K, capacity 1227K, committed 1280K, reserved 1048576K
}
Event: 1.238 GC heap before
{Heap before GC invocations=2 (full 0):
 garbage-first heap   total 262144K, used 64569K [0x0000000700c00000, 0x0000000800000000)
  region size 1024K, 51 young (52224K), 3 survivors (3072K)
 Metaspace       used 19298K, capacity 19515K, committed 19712K, reserved 1067008K
  class space    used 2138K, capacity 2208K, committed 2304K, reserved 1048576K
}
Event: 1.243 GC heap after
{Heap after GC invocations=3 (full 0):
 garbage-first heap   total 262144K, used 16697K [0x0000000700c00000, 0x0000000800000000)
  region size 1024K, 7 young (7168K), 7 survivors (7168K)
 Metaspace       used 19298K, capacity 19515K, committed 19712K, reserved 1067008K
  class space    used 2138K, capacity 2208K, committed 2304K, reserved 1048576K
}
Event: 1.388 GC heap before
{Heap before GC invocations=3 (full 0):
 garbage-first heap   total 262144K, used 23865K [0x0000000700c00000, 0x0000000800000000)
  region size 1024K, 15 young (15360K), 7 survivors (7168K)
 Metaspace       used 20896K, capacity 21095K, committed 21248K, reserved 1069056K
  class space    used 2359K, capacity 2434K, committed 2560K, reserved 1048576K
}
Event: 1.396 GC heap after
{Heap after GC invocations=4 (full 0):
 garbage-first heap   total 262144K, used 18022K [0x0000000700c00000, 0x0000000800000000)
  region size 1024K, 6 young (6144K), 6 survivors (6144K)
 Metaspace       used 20896K, capacity 21095K, committed 21248K, reserved 1069056K
  class space    used 2359K, capacity 2434K, committed 2560K, reserved 1048576K
}
Event: 2.330 GC heap before
{Heap before GC invocations=5 (full 0):
 garbage-first heap   total 262144K, used 75366K [0x0000000700c00000, 0x0000000800000000)
  region size 1024K, 62 young (63488K), 6 survivors (6144K)
 Metaspace       used 25651K, capacity 25926K, committed 26112K, reserved 1073152K
  class space    used 2871K, capacity 2987K, committed 3072K, reserved 1048576K
}
Event: 2.339 GC heap after
{Heap after GC invocations=6 (full 0):
 garbage-first heap   total 315392K, used 21971K [0x0000000700c00000, 0x0000000800000000)
  region size 1024K, 5 young (5120K), 5 survivors (5120K)
 Metaspace       used 25651K, capacity 25926K, committed 26112K, reserved 1073152K
  class space    used 2871K, capacity 2987K, committed 3072K, reserved 1048576K
}
Event: 3.266 GC heap before
{Heap before GC invocations=6 (full 0):
 garbage-first heap   total 315392K, used 205267K [0x0000000700c00000, 0x0000000800000000)
  region size 1024K, 184 young (188416K), 5 survivors (5120K)
 Metaspace       used 26023K, capacity 26367K, committed 26624K, reserved 1073152K
  class space    used 2880K, capacity 2998K, committed 3072K, reserved 1048576K
}
Event: 3.271 GC heap after
{Heap after GC invocations=7 (full 0):
 garbage-first heap   total 315392K, used 23242K [0x0000000700c00000, 0x0000000800000000)
  region size 1024K, 6 young (6144K), 6 survivors (6144K)
 Metaspace       used 26023K, capacity 26367K, committed 26624K, reserved 1073152K
  class space    used 2880K, capacity 2998K, committed 3072K, reserved 1048576K
}

